<?xml version="1.0" encoding="UTF-8"?>
<!-- Generated by org.testng.reporters.JUnitXMLReporter -->
<testsuite ignored="1" hostname="DESKTOP-UGV38M6" failures="0" tests="2" name="Test" time="17.957" errors="0" timestamp="2025-10-29T23:29:37 IST">
  <testcase classname="com.test.LoginTest" name="loginwith" time="16.608"/>
  <testcase classname="com.test.HomePageTest" name="logout" time="1.317"/>
  <testcase classname="com.test.BaseClass" name="@BeforeSuite initBrowser" time="0.0">
    <ignored/>
  </testcase> <!-- @BeforeSuite initBrowser -->
</testsuite> <!-- Test -->
