<?xml version="1.0" encoding="UTF-8"?>
<!-- Generated by org.testng.reporters.JUnitXMLReporter -->
<testsuite ignored="1" hostname="DESKTOP-UGV38M6" failures="0" tests="2" name="Test" time="14.572" errors="0" timestamp="2025-10-24T00:51:07 IST">
  <testcase classname="com.test.LoginTest" name="loginwith" time="13.306"/>
  <testcase classname="com.test.HomePageTest" name="logout" time="1.223"/>
  <testcase classname="com.test.BaseClass" name="@BeforeSuite initBrowser" time="0.0">
    <ignored/>
  </testcase> <!-- @BeforeSuite initBrowser -->
</testsuite> <!-- Test -->
